INFO  2019-03-23 18:32:39,110 Main.java 21 Application's start... 
INFO  2019-03-23 18:32:39,427 MainController.java 150 Operation list initialization... 
INFO  2019-03-23 18:32:39,432 MainController.java 190 Table initialization... 
INFO  2019-03-23 18:32:39,441 MainController.java 141 Spinners initialization... 
INFO  2019-03-23 18:32:39,443 MainController.java 130 Functional buttons initialization... 
INFO  2019-03-23 18:32:39,444 MainController.java 116 DatePicker initialization... 
INFO  2019-03-23 18:32:39,463 MainController.java 98 Chart initialization... 
INFO  2019-03-23 18:32:40,542 Main.java 32 Setting scene,showing tips and main window 
INFO  2019-03-23 18:32:52,426 TipModel.java 53 Getting next tip... 
INFO  2019-03-23 18:32:53,523 TipModel.java 66 Getting previous tip... 
INFO  2019-03-24 12:23:52,459 Main.java 21 Application's start... 
INFO  2019-03-24 12:23:52,792 MainController.java 150 Operation list initialization... 
INFO  2019-03-24 12:23:52,795 MainController.java 190 Table initialization... 
INFO  2019-03-24 12:23:52,805 MainController.java 141 Spinners initialization... 
INFO  2019-03-24 12:23:52,808 MainController.java 130 Functional buttons initialization... 
INFO  2019-03-24 12:23:52,810 MainController.java 116 DatePicker initialization... 
INFO  2019-03-24 12:23:52,851 MainController.java 98 Chart initialization... 
INFO  2019-03-24 12:23:54,225 Main.java 32 Setting scene,showing tips and main window 
INFO  2019-03-27 08:11:39,695 Main.java 21 Application's start... 
INFO  2019-03-27 08:11:40,066 MainController.java 150 Operation list initialization... 
INFO  2019-03-27 08:11:40,071 MainController.java 190 Table initialization... 
INFO  2019-03-27 08:11:40,086 MainController.java 141 Spinners initialization... 
INFO  2019-03-27 08:11:40,088 MainController.java 130 Functional buttons initialization... 
INFO  2019-03-27 08:11:40,090 MainController.java 116 DatePicker initialization... 
INFO  2019-03-27 08:11:40,112 MainController.java 98 Chart initialization... 
INFO  2019-03-27 08:11:41,685 Main.java 32 Setting scene,showing tips and main window 
INFO  2019-03-27 08:11:56,803 MainController.java 122 Choosing the date... 
INFO  2019-03-27 08:12:06,256 MainController.java 207 Setting value 43242.0 at: 4 row and 0 column 
INFO  2019-03-27 08:12:06,257 MainController.java 98 Chart initialization... 
INFO  2019-03-27 08:12:08,324 MainController.java 175 Calculating average value... 
INFO  2019-03-27 08:12:09,428 MainController.java 171 Calculating min and max... 
INFO  2019-03-27 08:12:10,634 MainController.java 167 Calculating sum... 
INFO  2019-03-27 08:12:11,915 MainController.java 236 Clearing table... 
INFO  2019-03-27 08:12:11,917 MainController.java 190 Table initialization... 
INFO  2019-03-27 08:12:11,920 MainController.java 98 Chart initialization... 
INFO  2019-04-03 00:06:58,927 Main.java 24 Application's start... 
INFO  2019-04-03 00:06:59,311 MainController.java 184 Operation list initialization... 
INFO  2019-04-03 00:06:59,317 MainController.java 224 Table initialization... 
INFO  2019-04-03 00:06:59,331 MainController.java 175 Spinners initialization... 
INFO  2019-04-03 00:06:59,333 MainController.java 164 Functional buttons initialization... 
INFO  2019-04-03 00:06:59,336 MainController.java 150 DatePicker initialization... 
INFO  2019-04-03 00:06:59,362 MainController.java 132 Chart initialization... 
INFO  2019-04-03 00:07:00,868 Main.java 34 Setting scene,showing tips and main window 
INFO  2019-04-03 00:07:00,868 Main.java 42 Showing about window 
INFO  2019-04-03 10:16:01,390 Main.java 24 Application's start... 
INFO  2019-04-03 10:16:01,793 MainController.java 184 Operation list initialization... 
INFO  2019-04-03 10:16:01,798 MainController.java 224 Table initialization... 
INFO  2019-04-03 10:16:01,809 MainController.java 175 Spinners initialization... 
INFO  2019-04-03 10:16:01,812 MainController.java 164 Functional buttons initialization... 
INFO  2019-04-03 10:16:01,813 MainController.java 150 DatePicker initialization... 
INFO  2019-04-03 10:16:01,836 MainController.java 132 Chart initialization... 
INFO  2019-04-03 10:16:03,367 Main.java 34 Setting scene,showing tips and main window 
INFO  2019-04-03 10:16:03,367 Main.java 42 Showing about window 
INFO  2019-04-03 10:16:25,441 Main.java 24 Application's start... 
INFO  2019-04-03 10:16:25,854 MainController.java 184 Operation list initialization... 
INFO  2019-04-03 10:16:25,859 MainController.java 224 Table initialization... 
INFO  2019-04-03 10:16:25,875 MainController.java 175 Spinners initialization... 
INFO  2019-04-03 10:16:25,877 MainController.java 164 Functional buttons initialization... 
INFO  2019-04-03 10:16:25,879 MainController.java 150 DatePicker initialization... 
INFO  2019-04-03 10:16:25,909 MainController.java 132 Chart initialization... 
INFO  2019-04-03 10:16:27,064 Main.java 34 Setting scene,showing tips and main window 
INFO  2019-04-03 10:16:27,064 Main.java 42 Showing about window 
INFO  2019-04-03 10:17:09,041 Main.java 24 Application's start... 
INFO  2019-04-03 10:17:09,451 MainController.java 184 Operation list initialization... 
INFO  2019-04-03 10:17:09,456 MainController.java 224 Table initialization... 
INFO  2019-04-03 10:17:09,472 MainController.java 175 Spinners initialization... 
INFO  2019-04-03 10:17:09,478 MainController.java 164 Functional buttons initialization... 
INFO  2019-04-03 10:17:09,479 MainController.java 150 DatePicker initialization... 
INFO  2019-04-03 10:17:09,507 MainController.java 132 Chart initialization... 
INFO  2019-04-03 10:17:10,774 Main.java 34 Setting scene,showing tips and main window 
INFO  2019-04-03 10:17:10,779 Main.java 42 Showing about window 
INFO  2019-04-03 10:51:42,006 Main.java 24 Application's start... 
INFO  2019-04-03 10:51:42,343 MainController.java 184 Operation list initialization... 
INFO  2019-04-03 10:51:42,348 MainController.java 224 Table initialization... 
INFO  2019-04-03 10:51:42,359 MainController.java 175 Spinners initialization... 
INFO  2019-04-03 10:51:42,362 MainController.java 164 Functional buttons initialization... 
INFO  2019-04-03 10:51:42,364 MainController.java 150 DatePicker initialization... 
INFO  2019-04-03 10:51:42,386 MainController.java 132 Chart initialization... 
INFO  2019-04-03 10:51:43,429 Main.java 34 Setting scene,showing tips and main window 
INFO  2019-04-03 10:51:43,429 Main.java 42 Showing about window 
INFO  2019-04-03 10:52:26,165 Main.java 24 Application's start... 
INFO  2019-04-03 10:52:26,511 MainController.java 184 Operation list initialization... 
INFO  2019-04-03 10:52:26,516 MainController.java 224 Table initialization... 
INFO  2019-04-03 10:52:26,527 MainController.java 175 Spinners initialization... 
INFO  2019-04-03 10:52:26,530 MainController.java 164 Functional buttons initialization... 
INFO  2019-04-03 10:52:26,531 MainController.java 150 DatePicker initialization... 
INFO  2019-04-03 10:52:26,554 MainController.java 132 Chart initialization... 
INFO  2019-04-03 10:52:27,691 Main.java 34 Setting scene,showing tips and main window 
INFO  2019-04-03 10:52:27,692 Main.java 42 Showing about window 
INFO  2019-04-03 10:52:29,188 TipOfTheDayController.java 47 Window with about is closed 
INFO  2019-04-03 10:52:40,458 MainController.java 241 Setting value 10000.0 at: 4 row and 2 column 
INFO  2019-04-03 10:52:40,458 MainController.java 132 Chart initialization... 
INFO  2019-04-03 10:53:55,439 Main.java 24 Application's start... 
INFO  2019-04-03 10:53:55,785 MainController.java 184 Operation list initialization... 
INFO  2019-04-03 10:53:55,788 MainController.java 224 Table initialization... 
INFO  2019-04-03 10:53:55,799 MainController.java 175 Spinners initialization... 
INFO  2019-04-03 10:53:55,801 MainController.java 164 Functional buttons initialization... 
INFO  2019-04-03 10:53:55,804 MainController.java 150 DatePicker initialization... 
INFO  2019-04-03 10:53:55,828 MainController.java 132 Chart initialization... 
INFO  2019-04-03 10:53:56,907 Main.java 34 Setting scene,showing tips and main window 
INFO  2019-04-03 10:53:56,907 Main.java 42 Showing about window 
INFO  2019-04-03 11:31:55,498 Main.java 24 Application's start... 
INFO  2019-04-03 11:31:55,840 MainController.java 184 Operation list initialization... 
INFO  2019-04-03 11:31:55,843 MainController.java 224 Table initialization... 
INFO  2019-04-03 11:31:55,852 MainController.java 175 Spinners initialization... 
INFO  2019-04-03 11:31:55,854 MainController.java 164 Functional buttons initialization... 
INFO  2019-04-03 11:31:55,855 MainController.java 150 DatePicker initialization... 
INFO  2019-04-03 11:31:55,874 MainController.java 132 Chart initialization... 
INFO  2019-04-03 11:31:57,017 Main.java 34 Setting scene,showing tips and main window 
INFO  2019-04-03 11:31:57,018 Main.java 42 Showing about window 
INFO  2019-04-03 11:33:05,046 MainController.java 241 Setting value 12.0 at: 0 row and 0 column 
INFO  2019-04-03 11:33:05,047 MainController.java 132 Chart initialization... 
